E:\WORKSPACE(C++)\SMS\SMS\DEBUG\SMS.PCH
E:\WORKSPACE(C++)\SMS\SMS\DEBUG\STDAFX.OBJ
E:\WORKSPACE(C++)\SMS\SMS\DEBUG\VC110.PDB
E:\WORKSPACE(C++)\SMS\SMS\DEBUG\DLLMAIN.OBJ
E:\WORKSPACE(C++)\SMS\SMS\DEBUG\ENCRYPT.OBJ
E:\WORKSPACE(C++)\SMS\SMS\DEBUG\MD5.OBJ
E:\WORKSPACE(C++)\SMS\SMS\DEBUG\SMS.OBJ
E:\WORKSPACE(C++)\SMS\SMS\DEBUG\SMSBALANCEMSG.OBJ
E:\WORKSPACE(C++)\SMS\SMS\DEBUG\SMSBLACKLISTMSG.OBJ
E:\WORKSPACE(C++)\SMS\SMS\DEBUG\SMSDELIVERMSG.OBJ
E:\WORKSPACE(C++)\SMS\SMS\DEBUG\SMSKEYWORDMSG.OBJ
E:\WORKSPACE(C++)\SMS\SMS\DEBUG\SMSREPORTMSG.OBJ
E:\WORKSPACE(C++)\SMS\SMS\DEBUG\SMSSUBMITMSG.OBJ
E:\WORKSPACE(C++)\SMS\DEBUG\SMS.ILK
E:\WORKSPACE(C++)\SMS\DEBUG\SMS.DLL
E:\WORKSPACE(C++)\SMS\DEBUG\SMS.PDB
E:\workspace(c++)\Sms\Debug\Sms.lib
E:\workspace(c++)\Sms\Debug\Sms.exp
E:\workspace(c++)\Sms\Sms\Debug\dllmain.obj
E:\workspace(c++)\Sms\Sms\Debug\encrypt.obj
E:\workspace(c++)\Sms\Sms\Debug\MD5.obj
E:\workspace(c++)\Sms\Sms\Debug\Sms.obj
E:\workspace(c++)\Sms\Sms\Debug\SmsBalanceMsg.obj
E:\workspace(c++)\Sms\Sms\Debug\SmsBlackListMsg.obj
E:\workspace(c++)\Sms\Sms\Debug\SmsDeliverMsg.obj
E:\workspace(c++)\Sms\Sms\Debug\SmsKeyWordMsg.obj
E:\workspace(c++)\Sms\Sms\Debug\SmsReportMsg.obj
E:\workspace(c++)\Sms\Sms\Debug\SmsSubmitMsg.obj
E:\workspace(c++)\Sms\Sms\Debug\stdafx.obj
E:\workspace(c++)\Sms\Sms\Debug\cl.command.1.tlog
E:\workspace(c++)\Sms\Sms\Debug\CL.read.1.tlog
E:\workspace(c++)\Sms\Sms\Debug\CL.write.1.tlog
E:\workspace(c++)\Sms\Sms\Debug\link-cvtres.read.1.tlog
E:\workspace(c++)\Sms\Sms\Debug\link-cvtres.write.1.tlog
E:\workspace(c++)\Sms\Sms\Debug\link-rc.read.1.tlog
E:\workspace(c++)\Sms\Sms\Debug\link-rc.write.1.tlog
E:\workspace(c++)\Sms\Sms\Debug\link.command.1.tlog
E:\workspace(c++)\Sms\Sms\Debug\link.read.1.tlog
E:\workspace(c++)\Sms\Sms\Debug\link.write.1.tlog
E:\workspace(c++)\Sms\Sms\Debug\Sms.write.1.tlog
E:\workspace(c++)\Sms\Sms\Debug\Sms.pch
E:\workspace(c++)\Sms\Sms\Debug\vc110.idb
E:\workspace(c++)\Sms\Sms\Debug\vc110.pdb
E:\workspace(c++)\Sms\Debug\Sms.pdb
E:\workspace(c++)\Sms\Debug\Sms.dll
E:\workspace(c++)\Sms\Debug\Sms.ilk
